2024-07-27T16:35:50.383046Z DEBUG src\app.rs:46: sampling_rate value=16000
2024-07-27T16:35:50.383201Z DEBUG src\data\test_data.rs:108: frames value="###Decoded packet with 1152 samples"
2024-07-27T16:35:50.383299Z DEBUG src\data\test_data.rs:108: frames value="###Decoded packet with 1152 samples"
2024-07-27T16:35:50.383325Z DEBUG src\data\test_data.rs:108: frames value="###Decoded packet with 1152 samples"
2024-07-27T16:35:50.383367Z DEBUG src\data\test_data.rs:108: frames value="###Decoded packet with 1152 samples"
2024-07-27T16:35:50.383398Z DEBUG src\data\test_data.rs:108: frames value="###Decoded packet with 1152 samples"
2024-07-27T16:35:50.383475Z DEBUG src\data\test_data.rs:108: frames value="###Decoded packet with 1152 samples"
2024-07-27T16:35:50.383518Z DEBUG src\data\test_data.rs:108: frames value="###Decoded packet with 1152 samples"
2024-07-27T16:35:50.383535Z DEBUG src\data\test_data.rs:108: frames value="###Decoded packet with 1152 samples"
2024-07-27T16:35:50.383549Z DEBUG src\data\test_data.rs:108: frames value="###Decoded packet with 1152 samples"
2024-07-27T16:35:50.383564Z DEBUG src\data\test_data.rs:108: frames value="###Decoded packet with 1152 samples"
2024-07-27T16:35:50.383581Z DEBUG src\data\test_data.rs:108: frames value="###Decoded packet with 1152 samples"
2024-07-27T16:35:50.383601Z DEBUG src\data\test_data.rs:108: frames value="###Decoded packet with 1152 samples"
2024-07-27T16:35:50.383657Z DEBUG src\data\test_data.rs:108: frames value="###Decoded packet with 1152 samples"
2024-07-27T16:35:50.383710Z DEBUG src\data\test_data.rs:108: frames value="###Decoded packet with 1152 samples"
2024-07-27T16:35:50.383734Z DEBUG src\data\test_data.rs:108: frames value="###Decoded packet with 1152 samples"
2024-07-27T16:35:50.383748Z DEBUG src\data\test_data.rs:108: frames value="###Decoded packet with 1152 samples"
2024-07-27T16:35:50.383764Z DEBUG src\data\test_data.rs:108: frames value="###Decoded packet with 1152 samples"
2024-07-27T16:35:50.383776Z DEBUG src\data\test_data.rs:108: frames value="###Decoded packet with 1152 samples"
2024-07-27T16:35:50.383887Z DEBUG src\data\test_data.rs:108: frames value="###Decoded packet with 1152 samples"
2024-07-27T16:35:50.383902Z DEBUG src\data\test_data.rs:108: frames value="###Decoded packet with 1152 samples"
2024-07-27T16:35:50.383915Z DEBUG src\data\test_data.rs:108: frames value="###Decoded packet with 1152 samples"
2024-07-27T16:35:50.383943Z DEBUG src\data\test_data.rs:108: frames value="###Decoded packet with 1152 samples"
2024-07-27T16:35:50.383963Z DEBUG src\data\test_data.rs:108: frames value="###Decoded packet with 1152 samples"
2024-07-27T16:35:50.383980Z DEBUG src\data\test_data.rs:108: frames value="###Decoded packet with 1152 samples"
2024-07-27T16:35:50.384000Z DEBUG src\data\test_data.rs:108: frames value="###Decoded packet with 1152 samples"
2024-07-27T16:35:50.384022Z DEBUG src\data\test_data.rs:108: frames value="###Decoded packet with 1152 samples"
2024-07-27T16:35:50.384036Z DEBUG src\data\test_data.rs:108: frames value="###Decoded packet with 1152 samples"
2024-07-27T16:35:50.384052Z DEBUG src\data\test_data.rs:108: frames value="###Decoded packet with 1152 samples"
2024-07-27T16:35:50.384089Z DEBUG src\data\test_data.rs:108: frames value="###Decoded packet with 1152 samples"
2024-07-27T16:35:50.384106Z DEBUG src\data\test_data.rs:108: frames value="###Decoded packet with 1152 samples"
2024-07-27T16:35:50.384123Z DEBUG src\data\test_data.rs:108: frames value="###Decoded packet with 1152 samples"
2024-07-27T16:35:50.384143Z DEBUG src\data\test_data.rs:108: frames value="###Decoded packet with 1152 samples"
2024-07-27T16:35:50.384161Z DEBUG src\data\test_data.rs:108: frames value="###Decoded packet with 1152 samples"
2024-07-27T16:35:50.384177Z DEBUG src\data\test_data.rs:108: frames value="###Decoded packet with 1152 samples"
2024-07-27T16:35:50.384193Z DEBUG src\data\test_data.rs:108: frames value="###Decoded packet with 1152 samples"
2024-07-27T16:35:50.384224Z DEBUG src\data\test_data.rs:108: frames value="###Decoded packet with 1152 samples"
2024-07-27T16:35:50.384245Z DEBUG src\data\test_data.rs:108: frames value="###Decoded packet with 1152 samples"
2024-07-27T16:35:50.384262Z DEBUG src\data\test_data.rs:108: frames value="###Decoded packet with 1152 samples"
2024-07-27T16:35:50.384280Z DEBUG src\data\test_data.rs:108: frames value="###Decoded packet with 1152 samples"
2024-07-27T16:35:50.384299Z DEBUG src\data\test_data.rs:108: frames value="###Decoded packet with 1152 samples"
2024-07-27T16:35:50.384316Z DEBUG src\data\test_data.rs:108: frames value="###Decoded packet with 1152 samples"
2024-07-27T16:35:50.384337Z DEBUG src\data\test_data.rs:108: frames value="###Decoded packet with 1152 samples"
2024-07-27T16:35:50.384368Z DEBUG src\data\test_data.rs:108: frames value="###Decoded packet with 1152 samples"
2024-07-27T16:35:50.384385Z DEBUG src\data\test_data.rs:108: frames value="###Decoded packet with 1152 samples"
2024-07-27T16:35:50.384404Z DEBUG src\data\test_data.rs:108: frames value="###Decoded packet with 1152 samples"
2024-07-27T16:35:50.384423Z DEBUG src\data\test_data.rs:108: frames value="###Decoded packet with 1152 samples"
2024-07-27T16:35:50.384437Z DEBUG src\data\test_data.rs:108: frames value="###Decoded packet with 1152 samples"
2024-07-27T16:35:50.384582Z DEBUG src\data\test_data.rs:108: frames value="###Decoded packet with 1152 samples"
2024-07-27T16:35:50.384607Z DEBUG src\data\test_data.rs:108: frames value="###Decoded packet with 1152 samples"
2024-07-27T16:35:50.384643Z DEBUG src\data\test_data.rs:108: frames value="###Decoded packet with 1152 samples"
2024-07-27T16:35:50.384666Z DEBUG src\data\test_data.rs:108: frames value="###Decoded packet with 1152 samples"
2024-07-27T16:35:50.384688Z DEBUG src\data\test_data.rs:108: frames value="###Decoded packet with 1152 samples"
2024-07-27T16:35:50.384716Z DEBUG src\data\test_data.rs:108: frames value="###Decoded packet with 1152 samples"
2024-07-27T16:35:50.384733Z DEBUG src\data\test_data.rs:108: frames value="###Decoded packet with 1152 samples"
2024-07-27T16:35:50.384753Z DEBUG src\data\test_data.rs:108: frames value="###Decoded packet with 1152 samples"
2024-07-27T16:35:50.384771Z DEBUG src\data\test_data.rs:108: frames value="###Decoded packet with 1152 samples"
2024-07-27T16:35:50.384822Z DEBUG src\data\test_data.rs:108: frames value="###Decoded packet with 1152 samples"
2024-07-27T16:35:50.384871Z DEBUG src\data\test_data.rs:108: frames value="###Decoded packet with 1152 samples"
2024-07-27T16:35:50.384896Z DEBUG src\data\test_data.rs:108: frames value="###Decoded packet with 1152 samples"
2024-07-27T16:35:50.384915Z DEBUG src\data\test_data.rs:108: frames value="###Decoded packet with 1152 samples"
2024-07-27T16:35:50.384931Z DEBUG src\data\test_data.rs:108: frames value="###Decoded packet with 1152 samples"
2024-07-27T16:35:50.384951Z DEBUG src\data\test_data.rs:108: frames value="###Decoded packet with 1152 samples"
2024-07-27T16:35:50.384973Z DEBUG src\data\test_data.rs:108: frames value="###Decoded packet with 1152 samples"
2024-07-27T16:35:50.385011Z DEBUG src\data\test_data.rs:108: frames value="###Decoded packet with 1152 samples"
2024-07-27T16:35:50.385032Z DEBUG src\data\test_data.rs:108: frames value="###Decoded packet with 1152 samples"
2024-07-27T16:35:50.385058Z DEBUG src\data\test_data.rs:108: frames value="###Decoded packet with 1152 samples"
2024-07-27T16:35:50.385078Z DEBUG src\data\test_data.rs:108: frames value="###Decoded packet with 1152 samples"
2024-07-27T16:35:50.385096Z DEBUG src\data\test_data.rs:108: frames value="###Decoded packet with 1152 samples"
2024-07-27T16:35:50.385114Z DEBUG src\data\test_data.rs:108: frames value="###Decoded packet with 1152 samples"
2024-07-27T16:35:50.385138Z DEBUG src\data\test_data.rs:108: frames value="###Decoded packet with 1152 samples"
2024-07-27T16:35:50.385156Z DEBUG src\data\test_data.rs:108: frames value="###Decoded packet with 1152 samples"
2024-07-27T16:35:50.385193Z DEBUG src\data\test_data.rs:108: frames value="###Decoded packet with 1152 samples"
2024-07-27T16:35:50.385212Z DEBUG src\data\test_data.rs:108: frames value="###Decoded packet with 1152 samples"
2024-07-27T16:35:50.385230Z DEBUG src\data\test_data.rs:108: frames value="###Decoded packet with 1152 samples"
2024-07-27T16:35:50.385254Z DEBUG src\data\test_data.rs:108: frames value="###Decoded packet with 1152 samples"
2024-07-27T16:35:50.385272Z DEBUG src\data\test_data.rs:108: frames value="###Decoded packet with 1152 samples"
2024-07-27T16:35:50.385291Z DEBUG src\data\test_data.rs:108: frames value="###Decoded packet with 1152 samples"
2024-07-27T16:35:50.385308Z DEBUG src\data\test_data.rs:108: frames value="###Decoded packet with 1152 samples"
2024-07-27T16:35:50.385344Z DEBUG src\data\test_data.rs:108: frames value="###Decoded packet with 1152 samples"
2024-07-27T16:35:50.385364Z DEBUG src\data\test_data.rs:108: frames value="###Decoded packet with 1152 samples"
2024-07-27T16:35:50.385384Z DEBUG src\data\test_data.rs:108: frames value="###Decoded packet with 1152 samples"
2024-07-27T16:35:50.385399Z DEBUG src\data\test_data.rs:108: frames value="###Decoded packet with 1152 samples"
2024-07-27T16:35:50.385416Z DEBUG src\data\test_data.rs:108: frames value="###Decoded packet with 1152 samples"
2024-07-27T16:35:50.385436Z DEBUG src\data\test_data.rs:108: frames value="###Decoded packet with 1152 samples"
2024-07-27T16:35:50.385455Z DEBUG src\data\test_data.rs:108: frames value="###Decoded packet with 1152 samples"
2024-07-27T16:35:50.385487Z DEBUG src\data\test_data.rs:108: frames value="###Decoded packet with 1152 samples"
2024-07-27T16:35:50.385505Z DEBUG src\data\test_data.rs:108: frames value="###Decoded packet with 1152 samples"
2024-07-27T16:35:50.385521Z DEBUG src\data\test_data.rs:108: frames value="###Decoded packet with 1152 samples"
2024-07-27T16:35:50.385536Z DEBUG src\data\test_data.rs:108: frames value="###Decoded packet with 1152 samples"
2024-07-27T16:35:50.385553Z DEBUG src\data\test_data.rs:108: frames value="###Decoded packet with 1152 samples"
2024-07-27T16:35:50.385569Z DEBUG src\data\test_data.rs:108: frames value="###Decoded packet with 1152 samples"
2024-07-27T16:35:50.385588Z DEBUG src\data\test_data.rs:108: frames value="###Decoded packet with 1152 samples"
2024-07-27T16:35:50.385628Z DEBUG src\data\test_data.rs:108: frames value="###Decoded packet with 1152 samples"
2024-07-27T16:35:50.385664Z DEBUG src\data\test_data.rs:108: frames value="###Decoded packet with 1152 samples"
2024-07-27T16:35:50.385682Z DEBUG src\data\test_data.rs:108: frames value="###Decoded packet with 1152 samples"
2024-07-27T16:35:50.385702Z DEBUG src\data\test_data.rs:108: frames value="###Decoded packet with 1152 samples"
2024-07-27T16:35:50.385719Z DEBUG src\data\test_data.rs:108: frames value="###Decoded packet with 1152 samples"
2024-07-27T16:35:50.385739Z DEBUG src\data\test_data.rs:108: frames value="###Decoded packet with 1152 samples"
2024-07-27T16:35:50.385755Z DEBUG src\data\test_data.rs:108: frames value="###Decoded packet with 1152 samples"
2024-07-27T16:35:50.385794Z DEBUG src\data\test_data.rs:108: frames value="###Decoded packet with 1152 samples"
2024-07-27T16:35:50.385813Z DEBUG src\data\test_data.rs:108: frames value="###Decoded packet with 1152 samples"
2024-07-27T16:35:50.385832Z DEBUG src\data\test_data.rs:108: frames value="###Decoded packet with 1152 samples"
2024-07-27T16:35:50.385848Z DEBUG src\data\test_data.rs:108: frames value="###Decoded packet with 1152 samples"
2024-07-27T16:35:50.385863Z DEBUG src\data\test_data.rs:108: frames value="###Decoded packet with 1152 samples"
2024-07-27T16:35:50.385878Z DEBUG src\data\test_data.rs:108: frames value="###Decoded packet with 1152 samples"
2024-07-27T16:35:50.385894Z DEBUG src\data\test_data.rs:108: frames value="###Decoded packet with 1152 samples"
2024-07-27T16:35:50.385926Z DEBUG src\data\test_data.rs:108: frames value="###Decoded packet with 1152 samples"
2024-07-27T16:35:50.385943Z DEBUG src\data\test_data.rs:108: frames value="###Decoded packet with 1152 samples"
2024-07-27T16:35:50.385959Z DEBUG src\data\test_data.rs:108: frames value="###Decoded packet with 1152 samples"
2024-07-27T16:35:50.385975Z DEBUG src\data\test_data.rs:108: frames value="###Decoded packet with 1152 samples"
2024-07-27T16:35:50.385993Z DEBUG src\data\test_data.rs:108: frames value="###Decoded packet with 1152 samples"
2024-07-27T16:35:50.386012Z DEBUG src\data\test_data.rs:108: frames value="###Decoded packet with 1152 samples"
2024-07-27T16:35:50.386030Z DEBUG src\data\test_data.rs:108: frames value="###Decoded packet with 1152 samples"
2024-07-27T16:35:50.386077Z DEBUG src\data\test_data.rs:108: frames value="###Decoded packet with 1152 samples"
2024-07-27T16:35:50.386095Z DEBUG src\data\test_data.rs:108: frames value="###Decoded packet with 1152 samples"
2024-07-27T16:35:50.386084Z DEBUG src\app.rs:86: data value=MelFrame { mel: [[2.6175740602580424],
 [2.6027643017906383],
 [2.7144900545152315],
 [2.684858930187238],
 [2.5198637900751564],
 [2.4683709604627495],
 [2.554147881163537],
 [2.5222134925858475],
 [2.517926210761506],
 [2.587782915152305],
 [2.5064444704901527],
 [2.5633983366704394],
 [2.61166077139628],
 [2.5471402681584707],
 [2.5426307349413504],
 [2.6263454284327397],
 [2.5866184768911324],
 [2.5795357366615828],
 [2.5959843803241487],
 [2.5954635427378476]], shape=[20, 1], strides=[1, 1], layout=CFcf (0xf), const ndim=2, idx: 2 }
2024-07-27T16:35:50.386112Z DEBUG src\data\test_data.rs:108: frames value="###Decoded packet with 1152 samples"
2024-07-27T16:35:50.386176Z DEBUG src\data\test_data.rs:108: frames value="###Decoded packet with 1152 samples"
2024-07-27T16:35:50.386202Z DEBUG src\data\test_data.rs:108: frames value="###Decoded packet with 1152 samples"
2024-07-27T16:35:50.386219Z DEBUG src\data\test_data.rs:108: frames value="###Decoded packet with 1152 samples"
2024-07-27T16:35:50.386237Z DEBUG src\data\test_data.rs:108: frames value="###Decoded packet with 1152 samples"
2024-07-27T16:35:50.386278Z DEBUG src\data\test_data.rs:108: frames value="###Decoded packet with 1152 samples"
2024-07-27T16:35:50.386300Z DEBUG src\data\test_data.rs:108: frames value="###Decoded packet with 1152 samples"
2024-07-27T16:35:50.386317Z DEBUG src\data\test_data.rs:108: frames value="###Decoded packet with 1152 samples"
2024-07-27T16:35:50.386334Z DEBUG src\data\test_data.rs:108: frames value="###Decoded packet with 1152 samples"
2024-07-27T16:35:50.386350Z DEBUG src\data\test_data.rs:108: frames value="###Decoded packet with 1152 samples"
2024-07-27T16:35:50.386367Z DEBUG src\data\test_data.rs:108: frames value="###Decoded packet with 1152 samples"
2024-07-27T16:35:50.386383Z DEBUG src\data\test_data.rs:108: frames value="###Decoded packet with 1152 samples"
2024-07-27T16:35:50.386414Z DEBUG src\data\test_data.rs:108: frames value="###Decoded packet with 1152 samples"
2024-07-27T16:35:50.386431Z DEBUG src\data\test_data.rs:108: frames value="###Decoded packet with 1152 samples"
2024-07-27T16:35:50.386450Z DEBUG src\data\test_data.rs:108: frames value="###Decoded packet with 1152 samples"
2024-07-27T16:35:50.386465Z DEBUG src\data\test_data.rs:108: frames value="###Decoded packet with 1152 samples"
2024-07-27T16:35:50.386479Z DEBUG src\data\test_data.rs:108: frames value="###Decoded packet with 1152 samples"
2024-07-27T16:35:50.386498Z DEBUG src\data\test_data.rs:108: frames value="###Decoded packet with 1152 samples"
2024-07-27T16:35:50.386517Z DEBUG src\data\test_data.rs:108: frames value="###Decoded packet with 1152 samples"
2024-07-27T16:35:50.386538Z DEBUG src\data\test_data.rs:108: frames value="###Decoded packet with 1152 samples"
2024-07-27T16:35:50.386573Z DEBUG src\data\test_data.rs:108: frames value="###Decoded packet with 1152 samples"
2024-07-27T16:35:50.386593Z DEBUG src\data\test_data.rs:108: frames value="###Decoded packet with 1152 samples"
2024-07-27T16:35:50.386609Z DEBUG src\data\test_data.rs:108: frames value="###Decoded packet with 1152 samples"
2024-07-27T16:35:50.386629Z DEBUG src\data\test_data.rs:108: frames value="###Decoded packet with 1152 samples"
2024-07-27T16:35:50.386647Z DEBUG src\data\test_data.rs:108: frames value="###Decoded packet with 1152 samples"
2024-07-27T16:35:50.386665Z DEBUG src\data\test_data.rs:108: frames value="###Decoded packet with 1152 samples"
2024-07-27T16:35:50.386682Z DEBUG src\data\test_data.rs:108: frames value="###Decoded packet with 1152 samples"
2024-07-27T16:35:50.386727Z DEBUG src\data\test_data.rs:108: frames value="###Decoded packet with 1152 samples"
2024-07-27T16:35:50.386749Z DEBUG src\data\test_data.rs:108: frames value="###Decoded packet with 1152 samples"
2024-07-27T16:35:50.386765Z DEBUG src\data\test_data.rs:108: frames value="###Decoded packet with 1152 samples"
2024-07-27T16:35:50.386781Z DEBUG src\data\test_data.rs:108: frames value="###Decoded packet with 1152 samples"
2024-07-27T16:35:50.386796Z DEBUG src\data\test_data.rs:108: frames value="###Decoded packet with 1152 samples"
2024-07-27T16:35:50.386814Z DEBUG src\data\test_data.rs:108: frames value="###Decoded packet with 1152 samples"
2024-07-27T16:35:50.386836Z DEBUG src\data\test_data.rs:108: frames value="###Decoded packet with 1152 samples"
2024-07-27T16:35:50.386885Z DEBUG src\data\test_data.rs:108: frames value="###Decoded packet with 1152 samples"
2024-07-27T16:35:50.386905Z DEBUG src\data\test_data.rs:108: frames value="###Decoded packet with 1152 samples"
2024-07-27T16:35:50.386927Z DEBUG src\data\test_data.rs:108: frames value="###Decoded packet with 1152 samples"
2024-07-27T16:35:50.386980Z DEBUG src\data\test_data.rs:108: frames value="###Decoded packet with 896 samples"
2024-07-27T16:35:50.387091Z DEBUG src\app.rs:86: data value=MelFrame { mel: [[2.4836281925439874],
 [2.332878567662478],
 [2.3476547463773034],
 [2.2761665717832478],
 [2.32349147195841],
 [2.45348682688999],
 [2.4867807586933015],
 [2.287974933803571],
 [2.331678968116422],
 [2.416583102386263],
 [2.2990282174454784],
 [2.3420010936476716],
 [2.329537157390764],
 [2.3211698769476605],
 [2.328972286339617],
 [2.423964116163577],
 [2.3426597033887937],
 [2.3463921212950614],
 [2.372894652439873],
 [2.382461160254432]], shape=[20, 1], strides=[1, 1], layout=CFcf (0xf), const ndim=2, idx: 2 }
2024-07-27T16:35:50.636169Z DEBUG src\app.rs:86: data value=MelFrame { mel: [[3.1786878721113005],
 [3.268571425597094],
 [3.2254971208038263],
 [3.1870021629876737],
 [3.2104445178348646],
 [3.2400564414637505],
 [3.2371703757848196],
 [3.2427137378338715],
 [3.2399125358172145],
 [3.2017372924388305],
 [3.2449770025383216],
 [3.263762382388756],
 [3.3132983320187948],
 [3.29993163486592],
 [3.1237108731011984],
 [3.0113343864319626],
 [2.9480712662243542],
 [3.141824572450224],
 [3.2626343658743098],
 [3.2575913049862844],
 [3.1681118292896495],
 [2.973475798713782],
 [2.870181334164611],
 [3.011262298483218],
 [3.10477646242692],
 [3.1352526962046703],
 [3.1681701094872405],
 [3.272825660724942],
 [3.3189935259647836],
 [3.255753961107799],
 [3.1368380540508216],
 [3.1019189648892076],
 [2.9762150152111193],
 [3.0067434558258483],
 [3.071607876632411],
 [2.9752137903290157],
 [3.14351659545427],
 [3.1923700474294145],
 [3.273345865824788],
 [3.1803187776622046],
 [3.0482782049093924],
 [3.202478579097873],
 [3.226459546605188],
 [3.1715353575279575],
 [3.1732108744392984],
 [3.11874102851174],
 [3.195656079062482],
 [2.987527922087553],
 [2.9183849718727117],
 [3.096551318520924],
 [3.1030160254793007],
 [3.132577067875577],
 [3.062869420366327],
 [3.102639182148018],
 [3.0309638393715974],
 [2.8708285064200334],
 [3.0108904686943423],
 [3.131727054400329],
 [3.1345412667530823],
 [3.1008523660716825],
 [3.0368056462419344],
 [2.982068220307266],
 [3.07809905329732],
 [2.9798141770469107],
 [2.9987155417498483],
 [3.0522370447979177],
 [3.043564866048567],
 [3.1120299685861554],
 [3.0383227904620234],
 [3.044826007500688],
 [3.1434295115023443],
 [3.0876619407786943],
 [3.0072043303122955],
 [2.9628717143226817],
 [3.0685335962566884],
 [3.0601580777707333],
 [3.0337477287249515],
 [3.0975301660585615],
 [3.1060873975734946],
 [2.9826175399997634]], shape=[80, 1], strides=[1, 1], layout=CFcf (0xf), const ndim=2, idx: 5 }
2024-07-27T16:35:50.636262Z DEBUG src\app.rs:89: data value=VadResult { start: 0, end: 5, ms: 50 }
2024-07-27T16:35:50.890610Z DEBUG src\app.rs:86: data value=MelFrame { mel: [[4.454986001893367],
 [4.451258669351155],
 [4.412593827204778],
 [4.315940573333554],
 [4.172407993571854],
 [4.314724849040392],
 [4.365899140816854],
 [4.390525388172021],
 [4.319353236667286],
 [4.1796113242722726],
 [4.163970704688098],
 [4.214181246748428],
 [4.229374402824935],
 [4.11358049061314],
 [4.072826570337778],
 [4.0480655242341275],
 [4.004953240732282],
 [3.9251184888097406],
 [3.9750178271474486],
 [3.901385797769691]], shape=[20, 1], strides=[1, 1], layout=CFcf (0xf), const ndim=2, idx: 5 }
2024-07-27T16:35:50.890676Z DEBUG src\app.rs:89: data value=VadResult { start: 5, end: 9, ms: 90 }
